<?xml version="1.0" encoding="UTF-8"?>
<!-- Generated by org.testng.reporters.JUnitReportReporter -->
<testsuite skipped="0" hostname="Naveen-PC" name="selenium.testpackage.BaseClassTestNG" tests="1" failures="0" timestamp="25 Jul 2018 08:09:40 GMT" time="0.005" errors="0">
  <testcase name="f" time="0.005" classname="selenium.testpackage.BaseClassTestNG"/>
</testsuite> <!-- selenium.testpackage.BaseClassTestNG -->
