<?xml version="1.0" encoding="UTF-8"?>
<!-- Generated by org.testng.reporters.JUnitReportReporter -->
<testsuite skipped="0" hostname="Naveen-PC" name="selenium.testpackage.TestNGDemo" tests="1" failures="0" timestamp="25 Jul 2018 08:06:48 GMT" time="0.034" errors="0">
  <testcase name="helloTestNG" time="0.034" classname="selenium.testpackage.TestNGDemo"/>
</testsuite> <!-- selenium.testpackage.TestNGDemo -->
