<?xml version="1.0" encoding="UTF-8"?>
<!-- Generated by org.testng.reporters.JUnitReportReporter -->
<testsuite skipped="0" hostname="Naveen-PC" name="selenium.testpackage.SeleniumGrid" tests="1" failures="0" timestamp="24 Jul 2018 06:43:22 GMT" time="5.668" errors="0">
  <testcase name="testInMultipleOS" time="5.668" classname="selenium.testpackage.SeleniumGrid"/>
</testsuite> <!-- selenium.testpackage.SeleniumGrid -->
